C51 COMPILER V9.59.0.0   TEMP_1_49                                                         03/24/2020 01:50:28 PAGE 1   


C51 COMPILER V9.59.0.0, COMPILATION OF MODULE TEMP_1_49
OBJECT MODULE PLACED IN temp_1_49.OBJ
COMPILER INVOKED BY: D:\KEIL5\C51\BIN\C51.EXE temp_1_49.c OPTIMIZE(8,SPEED) DEBUG OBJECTEXTEND PRINT(.\Listings\temp_1_4
                    -9.lst) TABS(2)

line level    source

   1          #include "reg51.h"
   2          #include "intrins.h"
   3          
   4          #define FOSC            11059200UL
   5          #define BRT             (65536 - FOSC / 9600 / 4)
   6          
   7          sfr     T4T3M       =   0xd1;
   8          sfr     T4H         =   0xd2;
   9          sfr     T4L         =   0xd3;
  10          sfr     T3H         =   0xd4;
  11          sfr     T3L         =   0xd5;
  12          sfr     S3CON       =   0xac;
  13          sfr     S3BUF       =   0xad;
  14          sfr     IE2         =   0xaf;
  15          
  16          bit busy;
  17          char wptr;
  18          char rptr;
  19          char buffer[16];
  20          
  21          void Uart3Isr() interrupt 17
  22          {
  23   1          if (S3CON & 0x02)
  24   1          {
  25   2              S3CON &= ~0x02;
  26   2              busy = 0;
  27   2          }
  28   1          if (S3CON & 0x01)
  29   1          {
  30   2              S3CON &= ~0x01;
  31   2              buffer[wptr++] = S3BUF;
  32   2              wptr &= 0x0f;
  33   2          }
  34   1      }
  35          
  36          void Uart3Init()
  37          {
  38   1          S3CON = 0x50;
  39   1          T3L = BRT;
  40   1          T3H = BRT >> 8;
  41   1          T4T3M = 0x0a;
  42   1          wptr = 0x00;
  43   1          rptr = 0x00;
  44   1          busy = 0;
  45   1      }
  46          
  47          void Uart3Send(char dat)
  48          {
  49   1          while (busy);
  50   1          busy = 1;
  51   1          S3BUF = dat;
  52   1      }
  53          
  54          void Uart3SendStr(char *p)
C51 COMPILER V9.59.0.0   TEMP_1_49                                                         03/24/2020 01:50:28 PAGE 2   

  55          {
  56   1          while (*p)
  57   1          {
  58   2              Uart3Send(*p++);
  59   2          }
  60   1      }
  61          
  62          void main()
  63          {
  64   1          Uart3Init();
  65   1          IE2 = 0x08;
  66   1          EA = 1;
  67   1          Uart3SendStr("Uart Test !\r\n");
  68   1      
  69   1          while (1)
  70   1          {
  71   2            Uart3SendStr("Uart Test !\r\n");
  72   2          }
  73   1      }
  74          


MODULE INFORMATION:   STATIC OVERLAYABLE
   CODE SIZE        =    138    ----
   CONSTANT SIZE    =     14    ----
   XDATA SIZE       =   ----    ----
   PDATA SIZE       =   ----    ----
   DATA SIZE        =     18       3
   IDATA SIZE       =   ----    ----
   BIT SIZE         =      1    ----
END OF MODULE INFORMATION.


C51 COMPILATION COMPLETE.  0 WARNING(S),  0 ERROR(S)
